2019-10-23 13:17:24,323 [main] INFO HelperClass.SmartLogger - Connected to MasterDB
2019-10-23 13:17:30,260 [main] INFO HelperClass.SmartLogger - Connected to TestDB
2019-10-23 13:17:38,212 [main] INFO HelperClass.SmartLogger - Browser Selected: ChromeDriver: chrome on XP (94a61730be382ac7fe50458702d66d0a)
2019-10-23 13:17:51,380 [main] INFO HelperClass.SmartLogger - Environment Name: TS3
2019-10-23 13:18:38,651 [main] INFO HelperClass.SmartLogger - Closing Driver: ChromeDriver: chrome on XP (94a61730be382ac7fe50458702d66d0a)
2019-10-23 13:18:39,809 [main] INFO HelperClass.SmartLogger - Closing Browser
2019-10-23 13:18:44,754 [main] INFO HelperClass.SmartLogger - Browser Selected: ChromeDriver: chrome on XP (8747afc70dd662eb7a0dc47c8ea96035)
2019-10-23 13:18:57,877 [main] INFO HelperClass.SmartLogger - Environment Name: TS3
2019-10-23 13:19:36,146 [main] INFO HelperClass.SmartLogger - Closing Driver: ChromeDriver: chrome on XP (8747afc70dd662eb7a0dc47c8ea96035)
2019-10-23 13:19:37,277 [main] INFO HelperClass.SmartLogger - Closing Browser
2019-10-23 13:19:43,096 [main] INFO HelperClass.SmartLogger - Browser Selected: ChromeDriver: chrome on XP (1572f6cf0726683a8fb7783b0f143336)
2019-10-23 13:19:53,781 [main] INFO HelperClass.SmartLogger - Environment Name: TS3
2019-10-23 13:20:30,612 [main] INFO HelperClass.SmartLogger - TestCase Passed
2019-10-23 13:20:33,206 [main] INFO HelperClass.SmartLogger - Closing Driver: ChromeDriver: chrome on XP (1572f6cf0726683a8fb7783b0f143336)
2019-10-23 13:20:34,338 [main] INFO HelperClass.SmartLogger - Closing Browser
2019-10-23 13:20:40,510 [main] INFO HelperClass.SmartLogger - Browser Selected: ChromeDriver: chrome on XP (92a40234cda269084ae9ca8f36b021db)
2019-10-23 13:20:52,298 [main] INFO HelperClass.SmartLogger - Environment Name: TS3
2019-10-23 13:21:38,124 [main] INFO HelperClass.SmartLogger - Closing Driver: ChromeDriver: chrome on XP (92a40234cda269084ae9ca8f36b021db)
2019-10-23 13:21:39,234 [main] INFO HelperClass.SmartLogger - Closing Browser
2019-10-23 13:21:44,499 [main] INFO HelperClass.SmartLogger - Browser Selected: ChromeDriver: chrome on XP (e28d2ea4e0fc5cd124d9bc7c58de5aa9)
2019-10-23 13:21:56,130 [main] INFO HelperClass.SmartLogger - Environment Name: TS3
2019-10-23 13:22:30,689 [main] INFO HelperClass.SmartLogger - TestCase Passed
2019-10-23 13:22:32,250 [main] INFO HelperClass.SmartLogger - Closing Driver: ChromeDriver: chrome on XP (e28d2ea4e0fc5cd124d9bc7c58de5aa9)
2019-10-23 13:22:33,494 [main] INFO HelperClass.SmartLogger - Closing Browser
